<?xml version="1.0" encoding="UTF-8"?>
<!-- Generated by org.testng.reporters.JUnitReportReporter -->
<testsuite hostname="INBOOK_Y1_PLUS" failures="0" tests="2" name="com.myStore.testScripts.IndexPageTest" time="30.893" errors="0" timestamp="2024-04-03T23:20:54 IST" skipped="0">
  <testcase classname="com.myStore.testScripts.IndexPageTest" name="verifyLogo" time="18.475"/>
  <system-out/>
  <testcase classname="com.myStore.testScripts.IndexPageTest" name="verifyTitle" time="12.418"/>
  <system-out/>
</testsuite> <!-- com.myStore.testScripts.IndexPageTest -->
