<?xml version="1.0" encoding="UTF-8"?>
<!-- Generated by org.testng.reporters.JUnitReportReporter -->
<testsuite hostname="INBOOK_Y1_PLUS" failures="0" tests="3" name="com.myStore.testScripts.HomePageTest" time="58.565" errors="0" timestamp="2024-04-03T23:20:54 IST" skipped="0">
  <testcase classname="com.myStore.testScripts.HomePageTest" name="salarySlipTest" time="16.759"/>
  <system-out/>
  <testcase classname="com.myStore.testScripts.HomePageTest" name="adderessPageTest" time="20.761"/>
  <system-out/>
  <testcase classname="com.myStore.testScripts.HomePageTest" name="orderHistoryTest" time="21.045"/>
  <system-out/>
</testsuite> <!-- com.myStore.testScripts.HomePageTest -->
