<?xml version="1.0" encoding="UTF-8"?>
<!-- Generated by org.testng.reporters.JUnitReportReporter -->
<testsuite hostname="INBOOK_Y1_PLUS" failures="0" tests="1" name="com.myStore.testScripts.AddToCartPageTest" time="37.217" errors="0" timestamp="2024-04-03T23:20:54 IST" skipped="0">
  <testcase classname="com.myStore.testScripts.AddToCartPageTest" name="addToCartTest" time="37.217"/>
  <system-out/>
</testsuite> <!-- com.myStore.testScripts.AddToCartPageTest -->
